hello-google-play/Hello/proguard-project.txt
# To enable ProGuard in your project, edit project.properties
# to define the proguard.config property as described in that file.
#
# Add project specific ProGuard rules here.
# By default, the flags in this file are appended to flags specified
# in ${sdk.dir}/tools/proguard/proguard-android.txt
# You can edit the include path and order by changing the ProGuard
# include property in project.properties.
#
# For more details, see
#   http://developer.android.com/guide/developing/tools/proguard.html

# Add any project specific keep options here:

# If your project uses WebView with JS, uncomment the following
# and specify the fully qualified class name to the JavaScript interface
# class:
#-keepclassmembers class fqcn.of.javascript.interface.for.webview {
#   public *;
#}

-optimizationpasses 5
-dontusemixedcaseclassnames
-dontskipnonpubliclibraryclasses
-useuniqueclassmembernames
-dontpreverify
-verbose
-optimizations !code/simplification/arithmetic,!field/*,!class/merging/*,!code/allocation/variable

-libraryjars libs/libGoogleAnalyticsV2.jar
-libraryjars libs/google-play-services.jar
-libraryjars libs/android-support-v4.jar

-keep class * extends java.util.ListResourceBundle {
    protected Object[][] getContents();
}

-keepclasseswithmembernames class * {
    native <methods>;
}

-keep public class * extends android.app.ActivityGroup
-keep public class * extends android.app.Activity
-keep public class * extends android.app.Application
-keep public class * extends android.app.Service
-keep public class * extends android.app.Fragment

-keep public class com.android.vending.licensing.ILicensingService
-keep public class * extends android.view.View

-keep class android.support.v4.**
-dontwarn android.support.v4.**

-keep class com.google.android.gms.**
-keep class com.google.analytics.tracking.**
-dontwarn com.google.android.gms.**
-dontwarn com.google.analytics.tracking.**