hello-google-play/Hello/proguard/seeds.txt
com.fantageek.hello.MainActivity
com.fantageek.hello.MainActivity: MainActivity()
com.fantageek.hello.MainApplication
com.fantageek.hello.R$bool: int ga_autoActivityTracking
com.fantageek.hello.R$bool: int ga_reportUncaughtExceptions
com.fantageek.hello.R$dimen: int activity_horizontal_margin
com.fantageek.hello.R$dimen: int activity_vertical_margin
com.fantageek.hello.R$drawable: int ic_launcher
com.fantageek.hello.R$id: int action_settings
com.fantageek.hello.R$layout: int activity_main
com.fantageek.hello.R$menu: int main
com.fantageek.hello.R$string: int action_settings
com.fantageek.hello.R$string: int app_name
com.fantageek.hello.R$string: int ga_trackingId
com.fantageek.hello.R$string: int hello_world
com.fantageek.hello.R$style: int AppBaseTheme
com.fantageek.hello.R$style: int AppTheme
...
com.google.analytics.tracking.android.CampaignTrackingReceiver
com.google.analytics.tracking.android.CampaignTrackingReceiver: CampaignTrackingReceiver()
com.google.analytics.tracking.android.CampaignTrackingService
com.google.analytics.tracking.android.CampaignTrackingService: CampaignTrackingService(java.lang.String)
com.google.analytics.tracking.android.CampaignTrackingService: CampaignTrackingService()
com.google.analytics.tracking.android.Clock
com.google.analytics.tracking.android.Dispatcher
com.google.analytics.tracking.android.EasyTracker
com.google.analytics.tracking.android.EasyTracker$1
com.google.analytics.tracking.android.EasyTracker$NoopTracker
com.google.analytics.tracking.android.EasyTracker$NotInForegroundTimerTask
com.google.analytics.tracking.android.ExceptionParser
com.google.analytics.tracking.android.ExceptionReporter
com.google.analytics.tracking.android.FutureApis
com.google.analytics.tracking.android.GANetworkReceiver
com.google.analytics.tracking.android.GAServiceManager
com.google.analytics.tracking.android.GAServiceManager$1
com.google.analytics.tracking.android.GAServiceManager$2
com.google.analytics.tracking.android.GAServiceProxy
com.google.analytics.tracking.android.GAServiceProxy$1
com.google.analytics.tracking.android.GAServiceProxy$2
com.google.analytics.tracking.android.GAServiceProxy$3
com.google.analytics.tracking.android.GAServiceProxy$ConnectState
com.google.analytics.tracking.android.GAServiceProxy$ConnectState: com.google.analytics.tracking.android.GAServiceProxy$ConnectState[] values()
com.google.analytics.tracking.android.GAServiceProxy$ConnectState: com.google.analytics.tracking.android.GAServiceProxy$ConnectState valueOf(java.lang.String)
com.google.analytics.tracking.android.GAServiceProxy$DisconnectCheckTask
com.google.analytics.tracking.android.GAServiceProxy$FailedConnectTask
com.google.analytics.tracking.android.GAServiceProxy$HitParams
com.google.analytics.tracking.android.GAServiceProxy$ReconnectTask
com.google.analytics.tracking.android.GAThread
com.google.analytics.tracking.android.GAThread$1
com.google.analytics.tracking.android.GAThread$2
com.google.analytics.tracking.android.GAThread$3
com.google.analytics.tracking.android.GAThread$4
com.google.analytics.tracking.android.GAThread$5
com.google.analytics.tracking.android.GAUsage
com.google.analytics.tracking.android.GAUsage$Field
com.google.analytics.tracking.android.GAUsage$Field: com.google.analytics.tracking.android.GAUsage$Field[] values()
com.google.analytics.tracking.android.GAUsage$Field: com.google.analytics.tracking.android.GAUsage$Field valueOf(java.lang.String)
com.google.analytics.tracking.android.GoogleAnalytics
com.google.analytics.tracking.android.GoogleAnalytics$1
com.google.analytics.tracking.android.GoogleAnalytics$2
com.google.analytics.tracking.android.GoogleAnalytics$AppOptOutCallback
com.google.analytics.tracking.android.Hit
com.google.analytics.tracking.android.HitBuilder
com.google.analytics.tracking.android.HttpClientFactory
com.google.analytics.tracking.android.Log
com.google.analytics.tracking.android.MetaModel
com.google.analytics.tracking.android.MetaModel$Formatter
com.google.analytics.tracking.android.MetaModel$MetaInfo
com.google.analytics.tracking.android.MetaModelInitializer
com.google.analytics.tracking.android.MetaModelInitializer$1
com.google.analytics.tracking.android.MetaModelInitializer$2
com.google.analytics.tracking.android.ModelFields
com.google.analytics.tracking.android.NoopDispatcher
com.google.analytics.tracking.android.ParameterLoader
com.google.analytics.tracking.android.ParameterLoaderImpl
com.google.analytics.tracking.android.PersistentAnalyticsStore
com.google.analytics.tracking.android.PersistentAnalyticsStore$1
com.google.analytics.tracking.android.PersistentAnalyticsStore$2
com.google.analytics.tracking.android.PersistentAnalyticsStore$AnalyticsDatabaseHelper
com.google.analytics.tracking.android.ServiceManager
com.google.analytics.tracking.android.ServiceProxy