hello-google-play/Hello/proguard/mapping.txt
com.fantageek.hello.MainActivity -> com.fantageek.hello.MainActivity:
    void onCreate(android.os.Bundle) -> onCreate
    boolean onCreateOptionsMenu(android.view.Menu) -> onCreateOptionsMenu
com.fantageek.hello.MainApplication -> com.fantageek.hello.MainApplication:
    void onCreate() -> onCreate
...
android.support.v4.view.accessibility.AccessibilityEventCompat -> android.support.v4.view.accessibility.AccessibilityEventCompat:
    android.support.v4.view.accessibility.AccessibilityEventCompat$AccessibilityEventVersionImpl IMPL -> fZ
android.support.v4.view.accessibility.AccessibilityEventCompat$AccessibilityEventIcsImpl -> android.support.v4.view.accessibility.AccessibilityEventCompat$AccessibilityEventIcsImpl:
android.support.v4.view.accessibility.AccessibilityEventCompat$AccessibilityEventStubImpl -> android.support.v4.view.accessibility.AccessibilityEventCompat$AccessibilityEventStubImpl:
android.support.v4.view.accessibility.AccessibilityEventCompat$AccessibilityEventVersionImpl -> android.support.v4.view.accessibility.AccessibilityEventCompat$AccessibilityEventVersionImpl:
android.support.v4.view.accessibility.AccessibilityEventCompatIcs -> android.support.v4.view.accessibility.AccessibilityEventCompatIcs:
android.support.v4.view.accessibility.AccessibilityManagerCompat -> android.support.v4.view.accessibility.AccessibilityManagerCompat:
    android.support.v4.view.accessibility.AccessibilityManagerCompat$AccessibilityManagerVersionImpl IMPL -> ga
    android.support.v4.view.accessibility.AccessibilityManagerCompat$AccessibilityManagerVersionImpl access$000() -> aJ
android.support.v4.view.accessibility.AccessibilityManagerCompat$AccessibilityManagerIcsImpl -> android.support.v4.view.accessibility.AccessibilityManagerCompat$AccessibilityManagerIcsImpl:
    java.lang.Object newAccessiblityStateChangeListener(android.support.v4.view.accessibility.AccessibilityManagerCompat$AccessibilityStateChangeListenerCompat) -> a
android.support.v4.view.accessibility.AccessibilityManagerCompat$AccessibilityManagerIcsImpl$1 -> android.support.v4.view.accessibility.AccessibilityManagerCompat$AccessibilityManagerIcsImpl$1:
    android.support.v4.view.accessibility.AccessibilityManagerCompat$AccessibilityStateChangeListenerCompat val$listener -> gb
    android.support.v4.view.accessibility.AccessibilityManagerCompat$AccessibilityManagerIcsImpl this$0 -> gc
android.support.v4.view.accessibility.AccessibilityManagerCompat$AccessibilityManagerStubImpl -> android.support.v4.view.accessibility.AccessibilityManagerCompat$AccessibilityManagerStubImpl:
    java.lang.Object newAccessiblityStateChangeListener(android.support.v4.view.accessibility.AccessibilityManagerCompat$AccessibilityStateChangeListenerCompat) -> a
android.support.v4.view.accessibility.AccessibilityManagerCompat$AccessibilityManagerVersionImpl -> android.support.v4.view.accessibility.AccessibilityManagerCompat$AccessibilityManagerVersionImpl:
    java.lang.Object newAccessiblityStateChangeListener(android.support.v4.view.accessibility.AccessibilityManagerCompat$AccessibilityStateChangeListenerCompat) -> a
android.support.v4.view.accessibility.AccessibilityManagerCompat$AccessibilityStateChangeListenerCompat -> android.support.v4.view.accessibility.AccessibilityManagerCompat$AccessibilityStateChangeListenerCompat:
    java.lang.Object mListener -> gd
android.support.v4.view.accessibility.AccessibilityManagerCompatIcs -> android.support.v4.view.accessibility.AccessibilityManagerCompatIcs:
    java.lang.Object newAccessibilityStateChangeListener(android.support.v4.view.accessibility.AccessibilityManagerCompatIcs$AccessibilityStateChangeListenerBridge) -> a
android.support.v4.view.accessibility.AccessibilityManagerCompatIcs$1 -> android.support.v4.view.accessibility.AccessibilityManagerCompatIcs$1:
    android.support.v4.view.accessibility.AccessibilityManagerCompatIcs$AccessibilityStateChangeListenerBridge val$bridge -> ge
android.support.v4.view.accessibility.AccessibilityManagerCompatIcs$AccessibilityStateChangeListenerBridge -> android.support.v4.view.accessibility.AccessibilityManagerCompatIcs$AccessibilityStateChangeListenerBridge: