hello-google-play/Hello/proguard/usage.txt
com.fantageek.hello.BuildConfig
com.fantageek.hello.R
com.fantageek.hello.R$attr
com.fantageek.hello.R$bool
com.fantageek.hello.R$dimen
com.fantageek.hello.R$drawable
com.fantageek.hello.R$id
com.fantageek.hello.R$layout
com.fantageek.hello.R$menu
com.fantageek.hello.R$string
com.fantageek.hello.R$style
...
com.google.android.gms.common.AccountPicker:
    public static android.content.Intent newChooseAccountIntent(android.accounts.Account,java.util.ArrayList,java.lang.String[],boolean,java.lang.String,java.lang.String,java.lang.String[],android.os.Bundle)
com.google.android.gms.common.ConnectionResult:
    public static final int SUCCESS
    public static final int SERVICE_MISSING
    public static final int SERVICE_VERSION_UPDATE_REQUIRED
    public static final int SERVICE_DISABLED
    public static final int SIGN_IN_REQUIRED
    public static final int INVALID_ACCOUNT
    public static final int RESOLUTION_REQUIRED
    public static final int NETWORK_ERROR
    public static final int INTERNAL_ERROR
    public static final int SERVICE_INVALID
    public static final int DEVELOPER_ERROR
    public static final int LICENSE_CHECK_FAILED
    public void startResolutionForResult(android.app.Activity,int)
    public boolean hasResolution()
    public int getErrorCode()
    public android.app.PendingIntent getResolution()
com.google.android.gms.common.GooglePlayServicesClient:
    public abstract void connect()
    public abstract void disconnect()
    public abstract boolean isConnected()
    public abstract void registerConnectionCallbacks(com.google.android.gms.common.GooglePlayServicesClient$ConnectionCallbacks)
    public abstract boolean isConnectionCallbacksRegistered(com.google.android.gms.common.GooglePlayServicesClient$ConnectionCallbacks)
    public abstract void unregisterConnectionCallbacks(com.google.android.gms.common.GooglePlayServicesClient$ConnectionCallbacks)
    public abstract void registerConnectionFailedListener(com.google.android.gms.common.GooglePlayServicesClient$OnConnectionFailedListener)
    public abstract boolean isConnectionFailedListenerRegistered(com.google.android.gms.common.GooglePlayServicesClient$OnConnectionFailedListener)
    public abstract void unregisterConnectionFailedListener(com.google.android.gms.common.GooglePlayServicesClient$OnConnectionFailedListener)
com.google.android.gms.common.GooglePlayServicesUtil:
    public static final int GOOGLE_PLAY_SERVICES_VERSION_CODE
    public static final java.lang.String GOOGLE_PLAY_SERVICES_PACKAGE
    public static final java.lang.String GOOGLE_PLAY_STORE_PACKAGE
    public static java.lang.String getErrorString(int)
    public static android.app.Dialog getErrorDialog(int,android.app.Activity,int)
    public static android.app.PendingIntent getErrorPendingIntent(int,android.content.Context,int)
    public static android.app.Dialog getErrorDialog(int,android.app.Activity,int,android.content.DialogInterface$OnCancelListener)
    public static android.app.Dialog a(int,android.app.Activity,int,android.content.DialogInterface$OnCancelListener,int)
    public static boolean isUserRecoverableError(int)
    public static java.lang.String getOpenSourceSoftwareLicenseInfo(android.content.Context)
    public static android.content.res.Resources getRemoteResource(android.content.Context)
com.google.android.gms.common.Scopes:
    public static final java.lang.String PLUS_PROFILE
    public static final java.lang.String PLUS_LOGIN
com.google.android.gms.common.SignInButton:
    public static final int SIZE_STANDARD
    public static final int SIZE_WIDE
    public static final int SIZE_ICON_ONLY
    public static final int COLOR_DARK
    public static final int COLOR_LIGHT
    public SignInButton(android.content.Context)
    public SignInButton(android.content.Context,android.util.AttributeSet)
    public SignInButton(android.content.Context,android.util.AttributeSet,int)
com.google.android.gms.common.data.DataBuffer:
    public void close()
    public int describeContents()